2021-09-19 23:09:01,626 [1] INFO Tour_Planner_Danny.ViewModels.TourViewModel - data got from database...
2021-09-19 23:09:03,045 [1] INFO Tour_Planner_Danny.ViewModels.TourViewModel - tour created..
2021-09-19 23:09:03,045 [1] ERROR Tour_Planner_Danny.ViewModels.TourViewModel - example Error Log...
2021-09-19 23:09:03,047 [1] INFO Tour_Planner_Danny.ViewModels.TourViewModel - data got from database...
2021-09-19 23:09:03,346 [1] INFO Tour_Planner_Danny.ViewModels.TourViewModel - tour created..
2021-09-19 23:09:03,346 [1] ERROR Tour_Planner_Danny.ViewModels.TourViewModel - example Error Log...
2021-09-19 23:09:03,768 [1] INFO Tour_Planner_Danny.ViewModels.TourViewModel - data got from database...
2021-09-19 23:09:03,934 [1] INFO Tour_Planner_Danny.ViewModels.TourViewModel - tour created..
2021-09-19 23:09:03,938 [1] ERROR Tour_Planner_Danny.ViewModels.TourViewModel - example Error Log...
2021-09-20 00:37:20,394 [NonParallelWorker] INFO Tour_Planner_Danny.ViewModels.TourViewModel - data got from database...
2021-09-20 00:37:21,572 [NonParallelWorker] INFO Tour_Planner_Danny.ViewModels.TourViewModel - tour created..
2021-09-20 00:37:21,572 [NonParallelWorker] ERROR Tour_Planner_Danny.ViewModels.TourViewModel - example Error Log...
2021-09-20 00:37:21,591 [NonParallelWorker] INFO Tour_Planner_Danny.ViewModels.TourViewModel - data got from database...
2021-09-20 00:37:21,769 [NonParallelWorker] INFO Tour_Planner_Danny.ViewModels.TourViewModel - tour created..
2021-09-20 00:37:21,769 [NonParallelWorker] ERROR Tour_Planner_Danny.ViewModels.TourViewModel - example Error Log...
2021-09-20 00:37:21,769 [NonParallelWorker] INFO Tour_Planner_Danny.ViewModels.TourViewModel - data got from database...
2021-09-20 00:37:22,044 [NonParallelWorker] INFO Tour_Planner_Danny.ViewModels.TourViewModel - tour created..
2021-09-20 00:37:22,044 [NonParallelWorker] ERROR Tour_Planner_Danny.ViewModels.TourViewModel - example Error Log...
2021-09-20 00:37:22,047 [NonParallelWorker] INFO Tour_Planner_Danny.ViewModels.TourViewModel - data got from database...
2021-09-20 00:37:22,331 [NonParallelWorker] INFO Tour_Planner_Danny.ViewModels.TourViewModel - tour created..
2021-09-20 00:37:22,331 [NonParallelWorker] ERROR Tour_Planner_Danny.ViewModels.TourViewModel - example Error Log...
2021-09-20 00:37:22,334 [NonParallelWorker] INFO Tour_Planner_Danny.ViewModels.TourViewModel - data got from database...
2021-09-20 00:37:22,505 [NonParallelWorker] INFO Tour_Planner_Danny.ViewModels.TourViewModel - tour created..
2021-09-20 00:37:22,505 [NonParallelWorker] ERROR Tour_Planner_Danny.ViewModels.TourViewModel - example Error Log...
2021-09-20 00:37:22,506 [NonParallelWorker] INFO Tour_Planner_Danny.ViewModels.TourViewModel - data got from database...
2021-09-20 00:37:22,799 [NonParallelWorker] INFO Tour_Planner_Danny.ViewModels.TourViewModel - tour created..
2021-09-20 00:37:22,799 [NonParallelWorker] ERROR Tour_Planner_Danny.ViewModels.TourViewModel - example Error Log...
2021-09-20 00:37:22,799 [NonParallelWorker] INFO Tour_Planner_Danny.ViewModels.TourViewModel - data got from database...
2021-09-20 00:37:23,063 [NonParallelWorker] INFO Tour_Planner_Danny.ViewModels.TourViewModel - tour created..
2021-09-20 00:37:23,063 [NonParallelWorker] ERROR Tour_Planner_Danny.ViewModels.TourViewModel - example Error Log...
2021-09-20 00:37:23,063 [NonParallelWorker] INFO Tour_Planner_Danny.ViewModels.TourViewModel - data got from database...
2021-09-20 00:37:23,243 [NonParallelWorker] INFO Tour_Planner_Danny.ViewModels.TourViewModel - tour created..
2021-09-20 00:37:23,243 [NonParallelWorker] ERROR Tour_Planner_Danny.ViewModels.TourViewModel - example Error Log...
2021-09-20 00:37:23,243 [NonParallelWorker] INFO Tour_Planner_Danny.ViewModels.TourViewModel - data got from database...
2021-09-20 00:37:23,427 [NonParallelWorker] INFO Tour_Planner_Danny.ViewModels.TourViewModel - tour created..
2021-09-20 00:37:23,427 [NonParallelWorker] ERROR Tour_Planner_Danny.ViewModels.TourViewModel - example Error Log...
2021-09-20 00:37:23,428 [NonParallelWorker] INFO Tour_Planner_Danny.ViewModels.TourViewModel - data got from database...
2021-09-20 00:37:23,609 [NonParallelWorker] INFO Tour_Planner_Danny.ViewModels.TourViewModel - tour created..
2021-09-20 00:37:23,609 [NonParallelWorker] ERROR Tour_Planner_Danny.ViewModels.TourViewModel - example Error Log...
2021-09-20 00:37:23,609 [NonParallelWorker] INFO Tour_Planner_Danny.ViewModels.TourViewModel - data got from database...
2021-09-20 00:37:23,887 [NonParallelWorker] INFO Tour_Planner_Danny.ViewModels.TourViewModel - tour created..
2021-09-20 00:37:23,887 [NonParallelWorker] ERROR Tour_Planner_Danny.ViewModels.TourViewModel - example Error Log...
2021-09-20 00:37:23,888 [NonParallelWorker] INFO Tour_Planner_Danny.ViewModels.TourViewModel - data got from database...
2021-09-20 00:37:24,077 [NonParallelWorker] INFO Tour_Planner_Danny.ViewModels.TourViewModel - tour created..
2021-09-20 00:37:24,077 [NonParallelWorker] ERROR Tour_Planner_Danny.ViewModels.TourViewModel - example Error Log...
2021-09-20 00:37:24,078 [NonParallelWorker] INFO Tour_Planner_Danny.ViewModels.TourViewModel - data got from database...
2021-09-20 00:37:24,352 [NonParallelWorker] INFO Tour_Planner_Danny.ViewModels.TourViewModel - tour created..
2021-09-20 00:37:24,352 [NonParallelWorker] ERROR Tour_Planner_Danny.ViewModels.TourViewModel - example Error Log...
2021-09-20 00:37:24,352 [NonParallelWorker] INFO Tour_Planner_Danny.ViewModels.TourViewModel - data got from database...
2021-09-20 00:37:24,626 [NonParallelWorker] INFO Tour_Planner_Danny.ViewModels.TourViewModel - tour created..
2021-09-20 00:37:24,626 [NonParallelWorker] ERROR Tour_Planner_Danny.ViewModels.TourViewModel - example Error Log...
2021-09-20 00:37:24,626 [NonParallelWorker] INFO Tour_Planner_Danny.ViewModels.TourViewModel - data got from database...
2021-09-20 00:37:24,800 [NonParallelWorker] INFO Tour_Planner_Danny.ViewModels.TourViewModel - tour created..
2021-09-20 00:37:24,800 [NonParallelWorker] ERROR Tour_Planner_Danny.ViewModels.TourViewModel - example Error Log...
2021-09-20 00:37:24,801 [NonParallelWorker] INFO Tour_Planner_Danny.ViewModels.TourViewModel - data got from database...
2021-09-20 00:37:25,078 [NonParallelWorker] INFO Tour_Planner_Danny.ViewModels.TourViewModel - tour created..
2021-09-20 00:37:25,078 [NonParallelWorker] ERROR Tour_Planner_Danny.ViewModels.TourViewModel - example Error Log...
2021-09-20 00:37:25,078 [NonParallelWorker] INFO Tour_Planner_Danny.ViewModels.TourViewModel - data got from database...
2021-09-20 00:37:25,258 [NonParallelWorker] INFO Tour_Planner_Danny.ViewModels.TourViewModel - tour created..
2021-09-20 00:37:25,258 [NonParallelWorker] ERROR Tour_Planner_Danny.ViewModels.TourViewModel - example Error Log...
2021-09-20 00:37:25,258 [NonParallelWorker] INFO Tour_Planner_Danny.ViewModels.TourViewModel - data got from database...
2021-09-20 00:37:25,454 [NonParallelWorker] INFO Tour_Planner_Danny.ViewModels.TourViewModel - tour created..
2021-09-20 00:37:25,455 [NonParallelWorker] ERROR Tour_Planner_Danny.ViewModels.TourViewModel - example Error Log...
2021-09-20 00:37:25,455 [NonParallelWorker] INFO Tour_Planner_Danny.ViewModels.TourViewModel - data got from database...
2021-09-20 00:37:25,723 [NonParallelWorker] INFO Tour_Planner_Danny.ViewModels.TourViewModel - tour created..
2021-09-20 00:37:25,723 [NonParallelWorker] ERROR Tour_Planner_Danny.ViewModels.TourViewModel - example Error Log...
2021-09-20 00:37:25,723 [NonParallelWorker] INFO Tour_Planner_Danny.ViewModels.TourViewModel - data got from database...
2021-09-20 00:37:26,019 [NonParallelWorker] INFO Tour_Planner_Danny.ViewModels.TourViewModel - tour created..
2021-09-20 00:37:26,019 [NonParallelWorker] ERROR Tour_Planner_Danny.ViewModels.TourViewModel - example Error Log...
2021-09-20 00:37:26,095 [NonParallelWorker] INFO Tour_Planner_Danny.ViewModels.TourViewModel - data got from database...
2021-09-20 00:37:26,376 [NonParallelWorker] INFO Tour_Planner_Danny.ViewModels.TourViewModel - tour created..
2021-09-20 00:37:26,376 [NonParallelWorker] ERROR Tour_Planner_Danny.ViewModels.TourViewModel - example Error Log...
2021-09-20 00:37:26,377 [NonParallelWorker] INFO Tour_Planner_Danny.ViewModels.TourViewModel - data got from database...
2021-09-20 00:37:26,558 [NonParallelWorker] INFO Tour_Planner_Danny.ViewModels.TourViewModel - tour created..
2021-09-20 00:37:26,558 [NonParallelWorker] ERROR Tour_Planner_Danny.ViewModels.TourViewModel - example Error Log...
2021-09-20 00:44:45,390 [1] INFO Tour_Planner_Danny.ViewModels.TourViewModel - data got from database...
2021-09-20 00:44:46,687 [1] INFO Tour_Planner_Danny.ViewModels.TourViewModel - tour created..
2021-09-20 00:44:46,688 [1] ERROR Tour_Planner_Danny.ViewModels.TourViewModel - example Error Log...
2021-09-20 00:44:46,690 [1] INFO Tour_Planner_Danny.ViewModels.TourViewModel - data got from database...
2021-09-20 00:44:46,885 [1] INFO Tour_Planner_Danny.ViewModels.TourViewModel - tour created..
2021-09-20 00:44:46,885 [1] ERROR Tour_Planner_Danny.ViewModels.TourViewModel - example Error Log...
2021-09-20 00:44:47,228 [1] INFO Tour_Planner_Danny.ViewModels.TourViewModel - data got from database...
2021-09-20 00:44:47,433 [1] INFO Tour_Planner_Danny.ViewModels.TourViewModel - tour created..
2021-09-20 00:44:47,433 [1] ERROR Tour_Planner_Danny.ViewModels.TourViewModel - example Error Log...
2021-09-20 00:47:25,387 [1] INFO Tour_Planner_Danny.ViewModels.TourViewModel - data got from database...
2021-09-20 00:47:26,860 [1] INFO Tour_Planner_Danny.ViewModels.TourViewModel - tour created..
2021-09-20 00:47:26,860 [1] ERROR Tour_Planner_Danny.ViewModels.TourViewModel - example Error Log...
2021-09-20 00:47:26,863 [1] INFO Tour_Planner_Danny.ViewModels.TourViewModel - data got from database...
2021-09-20 00:47:27,081 [1] INFO Tour_Planner_Danny.ViewModels.TourViewModel - tour created..
2021-09-20 00:47:27,081 [1] ERROR Tour_Planner_Danny.ViewModels.TourViewModel - example Error Log...
2021-09-20 00:47:27,512 [1] INFO Tour_Planner_Danny.ViewModels.TourViewModel - data got from database...
2021-09-20 00:47:27,795 [1] INFO Tour_Planner_Danny.ViewModels.TourViewModel - tour created..
2021-09-20 00:47:27,795 [1] ERROR Tour_Planner_Danny.ViewModels.TourViewModel - example Error Log...
2021-09-20 00:53:14,414 [1] INFO Tour_Planner_Danny.ViewModels.TourViewModel - data got from database...
2021-09-20 00:53:15,817 [1] INFO Tour_Planner_Danny.ViewModels.TourViewModel - tour created..
2021-09-20 00:53:15,817 [1] ERROR Tour_Planner_Danny.ViewModels.TourViewModel - example Error Log...
2021-09-20 00:53:15,820 [1] INFO Tour_Planner_Danny.ViewModels.TourViewModel - data got from database...
2021-09-20 00:53:16,108 [1] INFO Tour_Planner_Danny.ViewModels.TourViewModel - tour created..
2021-09-20 00:53:16,108 [1] ERROR Tour_Planner_Danny.ViewModels.TourViewModel - example Error Log...
2021-09-20 00:53:16,623 [1] INFO Tour_Planner_Danny.ViewModels.TourViewModel - data got from database...
2021-09-20 00:53:16,827 [1] INFO Tour_Planner_Danny.ViewModels.TourViewModel - tour created..
2021-09-20 00:53:16,827 [1] ERROR Tour_Planner_Danny.ViewModels.TourViewModel - example Error Log...
